0 verbose cli /home/lena_em/.asdf/installs/nodejs/20.5.1/bin/node /home/lena_em/.asdf/installs/nodejs/20.5.1/bin/npm
1 info using npm@9.8.0
2 info using node@v20.5.1
3 timing npm:load:whichnode Completed in 3ms
4 timing config:load:defaults Completed in 7ms
5 timing config:load:file:/home/lena_em/.asdf/installs/nodejs/20.5.1/lib/node_modules/npm/npmrc Completed in 4ms
6 timing config:load:builtin Completed in 5ms
7 timing config:load:cli Completed in 2ms
8 timing config:load:env Completed in 1ms
9 timing config:load:file:/home/lena_em/hexlet-js/.npmrc Completed in 1ms
10 timing config:load:project Completed in 3ms
11 timing config:load:file:/home/lena_em/.npmrc Completed in 0ms
12 timing config:load:user Completed in 0ms
13 timing config:load:file:/home/lena_em/.asdf/installs/nodejs/20.5.1/etc/npmrc Completed in 0ms
14 timing config:load:global Completed in 0ms
15 timing config:load:setEnvs Completed in 2ms
16 timing config:load Completed in 20ms
17 timing npm:load:configload Completed in 20ms
18 timing config:load:flatten Completed in 3ms
19 timing npm:load:mkdirpcache Completed in 1ms
20 timing npm:load:mkdirplogs Completed in 0ms
21 verbose title npm init
22 verbose argv "init"
23 timing npm:load:setTitle Completed in 1ms
24 timing npm:load:display Completed in 1ms
25 verbose logfile logs-max:10 dir:/home/lena_em/.npm/_logs/2023-08-28T07_05_15_678Z-
26 verbose logfile /home/lena_em/.npm/_logs/2023-08-28T07_05_15_678Z-debug-0.log
27 timing npm:load:logFile Completed in 8ms
28 timing npm:load:timers Completed in 0ms
29 timing npm:load:configScope Completed in 0ms
30 timing npm:load Completed in 51ms
31 silly logfile done cleaning log files
32 silly package data {
32 silly package data   name: 'hexlet',
32 silly package data   version: '1.0.0',
32 silly package data   description: '"Training project hexlet"',
32 silly package data   main: 'index.js',
32 silly package data   scripts: { test: 'echo "Error: no test specified" && exit 1' },
32 silly package data   author: '',
32 silly package data   license: 'ISC'
32 silly package data }
33 timing command:init Completed in 716274ms
34 verbose exit 0
35 timing npm Completed in 716805ms
36 info ok
