0 verbose cli /home/lena_em/.asdf/installs/nodejs/20.5.1/bin/node /home/lena_em/.asdf/installs/nodejs/20.5.1/bin/npm
1 info using npm@9.8.0
2 info using node@v20.5.1
3 timing npm:load:whichnode Completed in 9ms
4 timing config:load:defaults Completed in 3ms
5 timing config:load:file:/home/lena_em/.asdf/installs/nodejs/20.5.1/lib/node_modules/npm/npmrc Completed in 0ms
6 timing config:load:builtin Completed in 1ms
7 timing config:load:cli Completed in 2ms
8 timing config:load:env Completed in 1ms
9 timing config:load:file:/home/lena_em/hexlet-js/.npmrc Completed in 0ms
10 timing config:load:project Completed in 1ms
11 timing config:load:file:/home/lena_em/.npmrc Completed in 0ms
12 timing config:load:user Completed in 1ms
13 timing config:load:file:/home/lena_em/.asdf/installs/nodejs/20.5.1/etc/npmrc Completed in 0ms
14 timing config:load:global Completed in 0ms
15 timing config:load:setEnvs Completed in 1ms
16 timing config:load Completed in 10ms
17 timing npm:load:configload Completed in 11ms
18 timing config:load:flatten Completed in 3ms
19 timing npm:load:mkdirpcache Completed in 1ms
20 timing npm:load:mkdirplogs Completed in 1ms
21 verbose title npm install lodash
22 verbose argv "install" "lodash"
23 timing npm:load:setTitle Completed in 1ms
24 timing npm:load:display Completed in 1ms
25 verbose logfile logs-max:10 dir:/home/lena_em/.npm/_logs/2023-08-28T08_25_09_220Z-
26 verbose logfile /home/lena_em/.npm/_logs/2023-08-28T08_25_09_220Z-debug-0.log
27 timing npm:load:logFile Completed in 11ms
28 timing npm:load:timers Completed in 0ms
29 timing npm:load:configScope Completed in 0ms
30 timing npm:load Completed in 53ms
31 timing arborist:ctor Completed in 0ms
32 silly logfile done cleaning log files
33 timing arborist:ctor Completed in 0ms
34 timing idealTree:init Completed in 12ms
35 timing idealTree:userRequests Completed in 3ms
36 silly idealTree buildDeps
37 silly fetch manifest lodash@*
38 http fetch GET 200 https://registry.npmjs.org/lodash 549ms (cache miss)
39 silly placeDep ROOT lodash@4.17.21 OK for: hexlet@1.0.0 want: *
40 timing idealTree:#root Completed in 562ms
41 timing idealTree:node_modules/lodash Completed in 0ms
42 timing idealTree:buildDeps Completed in 564ms
43 timing idealTree:fixDepFlags Completed in 0ms
44 timing idealTree Completed in 581ms
45 timing reify:loadTrees Completed in 582ms
46 timing reify:diffTrees Completed in 2ms
47 silly reify moves {}
48 timing reify:retireShallow Completed in 2ms
49 timing reify:createSparse Completed in 3ms
50 timing reify:loadBundles Completed in 0ms
51 silly audit bulk request { lodash: [ '4.17.21' ] }
52 silly tarball no local data for lodash@https://registry.npmjs.org/lodash/-/lodash-4.17.21.tgz. Extracting by manifest.
53 http fetch POST 200 https://registry.npmjs.org/-/npm/v1/security/advisories/bulk 312ms
54 timing auditReport:getReport Completed in 314ms
55 silly audit report {}
56 timing auditReport:init Completed in 0ms
57 timing reify:audit Completed in 315ms
58 http fetch GET 200 https://registry.npmjs.org/lodash/-/lodash-4.17.21.tgz 638ms (cache miss)
59 timing reifyNode:node_modules/lodash Completed in 649ms
60 timing reify:unpack Completed in 649ms
61 timing reify:unretire Completed in 0ms
62 timing build:queue Completed in 1ms
63 timing build:deps Completed in 1ms
64 timing build Completed in 1ms
65 timing reify:build Completed in 1ms
66 timing reify:trash Completed in 0ms
67 timing reify:save Completed in 8ms
68 timing reify Completed in 1278ms
69 silly ADD node_modules/lodash
70 timing command:install Completed in 1286ms
71 verbose exit 0
72 timing npm Completed in 1493ms
73 info ok
