2023-08-27 21:30:56.932 [info] Extension host with pid 7673 started
2023-08-27 21:30:56.932 [info] Skipping acquiring lock for /home/lena_em/.config/Code/User/workspaceStorage/de045d141a8b035fd6afde5a0c3a97e9.
2023-08-27 21:30:57.133 [info] ExtensionService#_doActivateExtension vscode.git-base, startup: true, activationEvent: '*'
2023-08-27 21:30:57.204 [info] ExtensionService#_doActivateExtension vscode.github, startup: true, activationEvent: '*'
2023-08-27 21:30:57.298 [info] Eager extensions activated
2023-08-27 21:30:57.303 [info] ExtensionService#_doActivateExtension vscode.debug-auto-launch, startup: false, activationEvent: 'onStartupFinished'
2023-08-27 21:30:57.308 [info] ExtensionService#_doActivateExtension vscode.merge-conflict, startup: false, activationEvent: 'onStartupFinished'
2023-08-27 21:30:57.646 [info] ExtensionService#_doActivateExtension vscode.github-authentication, startup: false, activationEvent: 'onAuthenticationRequest:github'
2023-08-27 21:30:57.824 [info] ExtensionService#_doActivateExtension vscode.microsoft-authentication, startup: false, activationEvent: 'onAuthenticationRequest:microsoft'
2023-08-27 21:31:03.813 [info] ExtensionService#_doActivateExtension vscode.git, startup: false, activationEvent: 'api', root cause: vscode.github
2023-08-27 21:31:06.028 [info] ExtensionService#_doActivateExtension vscode.json-language-features, startup: false, activationEvent: 'onLanguage:jsonc'
2023-08-27 21:31:06.116 [info] ExtensionService#_doActivateExtension vscode.typescript-language-features, startup: false, activationEvent: 'onLanguage:jsonc'
2023-08-27 21:31:06.184 [info] ExtensionService#_doActivateExtension vscode.emmet, startup: false, activationEvent: 'onLanguage'
2023-08-27 21:35:10.728 [info] Extension host terminating: renderer closed the MessagePort
2023-08-27 21:35:10.763 [error] Canceled: Canceled
	at new h (/usr/share/code/resources/app/out/vs/workbench/api/node/extensionHostProcess.js:102:56634)
	at t.O (/usr/share/code/resources/app/out/vs/workbench/api/node/extensionHostProcess.js:114:8020)
	at N.<computed>.T.charCodeAt.N.<computed> (/usr/share/code/resources/app/out/vs/workbench/api/node/extensionHostProcess.js:114:5459)
	at a.g (/usr/share/code/resources/app/out/vs/workbench/api/node/extensionHostProcess.js:102:77241)
	at a.executeCommand (/usr/share/code/resources/app/out/vs/workbench/api/node/extensionHostProcess.js:102:76679)
	at v.registerCommand.description (/usr/share/code/resources/app/out/vs/workbench/api/node/extensionHostProcess.js:102:76000)
	at a.h (/usr/share/code/resources/app/out/vs/workbench/api/node/extensionHostProcess.js:102:77777)
	at a.g (/usr/share/code/resources/app/out/vs/workbench/api/node/extensionHostProcess.js:102:76772)
	at a.executeCommand (/usr/share/code/resources/app/out/vs/workbench/api/node/extensionHostProcess.js:102:76679)
	at Object.executeCommand (/usr/share/code/resources/app/out/vs/workbench/api/node/extensionHostProcess.js:120:20977)
	at r.D [as value] (/usr/share/code/resources/app/extensions/git/dist/main.js:2:1261690)
	at f.w (/usr/share/code/resources/app/out/vs/workbench/api/node/extensionHostProcess.js:63:1902)
	at f.x (/usr/share/code/resources/app/out/vs/workbench/api/node/extensionHostProcess.js:63:1972)
	at f.fire (/usr/share/code/resources/app/out/vs/workbench/api/node/extensionHostProcess.js:63:2188)
	at Object.m [as dispose] (/usr/share/code/resources/app/extensions/git/dist/main.js:2:1277293)
	at /usr/share/code/resources/app/extensions/git/dist/main.js:2:1282023
	at Array.forEach (<anonymous>)
	at g.dispose (/usr/share/code/resources/app/extensions/git/dist/main.js:2:1282009)
	at p.<anonymous> (/usr/share/code/resources/app/out/vs/workbench/api/node/extensionHostProcess.js:98:3381)
	at p.dispose (/usr/share/code/resources/app/out/vs/workbench/api/node/extensionHostProcess.js:98:3478)
	at p.<anonymous> (/usr/share/code/resources/app/extensions/git/dist/main.js:2:1263703)
	at p.dispose (/usr/share/code/resources/app/out/vs/workbench/api/node/extensionHostProcess.js:98:3478)
	at S (/usr/share/code/resources/app/out/vs/workbench/api/node/extensionHostProcess.js:13:11731)
	at r.Z (/usr/share/code/resources/app/out/vs/workbench/api/node/extensionHostProcess.js:116:9686)
	at /usr/share/code/resources/app/out/vs/workbench/api/node/extensionHostProcess.js:116:7582
	at Array.map (<anonymous>)
	at r.S (/usr/share/code/resources/app/out/vs/workbench/api/node/extensionHostProcess.js:116:7570)
	at r.terminate (/usr/share/code/resources/app/out/vs/workbench/api/node/extensionHostProcess.js:116:7842)
	at s.terminate (/usr/share/code/resources/app/out/vs/workbench/api/node/extensionHostProcess.js:120:1506)
	at C (/usr/share/code/resources/app/out/vs/workbench/api/node/extensionHostProcess.js:130:32254)
	at MessagePortMain.<anonymous> (/usr/share/code/resources/app/out/vs/workbench/api/node/extensionHostProcess.js:130:28679)
	at MessagePortMain.emit (node:events:513:28)
	at MessagePortMain._internalPort.emit (node:electron/js2c/utility_init:2:367) setContext undefined
2023-08-27 21:35:10.767 [error] Canceled: Canceled
	at new h (/usr/share/code/resources/app/out/vs/workbench/api/node/extensionHostProcess.js:102:56634)
	at t.O (/usr/share/code/resources/app/out/vs/workbench/api/node/extensionHostProcess.js:114:8020)
	at N.<computed>.T.charCodeAt.N.<computed> (/usr/share/code/resources/app/out/vs/workbench/api/node/extensionHostProcess.js:114:5459)
	at a.g (/usr/share/code/resources/app/out/vs/workbench/api/node/extensionHostProcess.js:102:77241)
	at a.executeCommand (/usr/share/code/resources/app/out/vs/workbench/api/node/extensionHostProcess.js:102:76679)
	at v.registerCommand.description (/usr/share/code/resources/app/out/vs/workbench/api/node/extensionHostProcess.js:102:76000)
	at a.h (/usr/share/code/resources/app/out/vs/workbench/api/node/extensionHostProcess.js:102:77777)
	at a.g (/usr/share/code/resources/app/out/vs/workbench/api/node/extensionHostProcess.js:102:76772)
	at a.executeCommand (/usr/share/code/resources/app/out/vs/workbench/api/node/extensionHostProcess.js:102:76679)
	at Object.executeCommand (/usr/share/code/resources/app/out/vs/workbench/api/node/extensionHostProcess.js:120:20977)
	at set b [as b] (/usr/share/code/resources/app/extensions/github/dist/extension.js:2:676183)
	at /usr/share/code/resources/app/extensions/github/dist/extension.js:2:676827
	at r.value (/usr/share/code/resources/app/extensions/git/dist/main.js:2:1349176)
	at f.w (/usr/share/code/resources/app/out/vs/workbench/api/node/extensionHostProcess.js:63:1902)
	at f.x (/usr/share/code/resources/app/out/vs/workbench/api/node/extensionHostProcess.js:63:1972)
	at f.fire (/usr/share/code/resources/app/out/vs/workbench/api/node/extensionHostProcess.js:63:2188)
	at Object.m [as dispose] (/usr/share/code/resources/app/extensions/git/dist/main.js:2:1277293)
	at /usr/share/code/resources/app/extensions/git/dist/main.js:2:1282023
	at Array.forEach (<anonymous>)
	at g.dispose (/usr/share/code/resources/app/extensions/git/dist/main.js:2:1282009)
	at p.<anonymous> (/usr/share/code/resources/app/out/vs/workbench/api/node/extensionHostProcess.js:98:3381)
	at p.dispose (/usr/share/code/resources/app/out/vs/workbench/api/node/extensionHostProcess.js:98:3478)
	at p.<anonymous> (/usr/share/code/resources/app/extensions/git/dist/main.js:2:1263703)
	at p.dispose (/usr/share/code/resources/app/out/vs/workbench/api/node/extensionHostProcess.js:98:3478)
	at S (/usr/share/code/resources/app/out/vs/workbench/api/node/extensionHostProcess.js:13:11731)
	at r.Z (/usr/share/code/resources/app/out/vs/workbench/api/node/extensionHostProcess.js:116:9686)
	at /usr/share/code/resources/app/out/vs/workbench/api/node/extensionHostProcess.js:116:7582
	at Array.map (<anonymous>)
	at r.S (/usr/share/code/resources/app/out/vs/workbench/api/node/extensionHostProcess.js:116:7570)
	at r.terminate (/usr/share/code/resources/app/out/vs/workbench/api/node/extensionHostProcess.js:116:7842)
	at s.terminate (/usr/share/code/resources/app/out/vs/workbench/api/node/extensionHostProcess.js:120:1506)
	at C (/usr/share/code/resources/app/out/vs/workbench/api/node/extensionHostProcess.js:130:32254)
	at MessagePortMain.<anonymous> (/usr/share/code/resources/app/out/vs/workbench/api/node/extensionHostProcess.js:130:28679)
	at MessagePortMain.emit (node:events:513:28)
	at MessagePortMain._internalPort.emit (node:electron/js2c/utility_init:2:367) setContext undefined
2023-08-27 21:35:10.787 [info] Extension host with pid 7673 exiting with code 0
